<?xml version="1.0" encoding="UTF-8"?>
<testng-results skipped="0" failed="0" ignored="0" total="2" passed="2">
  <reporter-output>
  </reporter-output>
  <suite name="Surefire suite" duration-ms="38064" started-at="2021-03-03T17:09:56 PST" finished-at="2021-03-03T17:10:34 PST">
    <groups>
    </groups>
    <test name="Surefire test" duration-ms="38064" started-at="2021-03-03T17:09:56 PST" finished-at="2021-03-03T17:10:34 PST">
      <class name="org.rahulshettyacademy.DemoTest">
        <test-method status="PASS" signature="setup()[pri:0, instance:org.rahulshettyacademy.DemoTest@490ab905]" name="setup" is-config="true" duration-ms="6720" started-at="2021-03-03T17:09:56 PST" finished-at="2021-03-03T17:10:02 PST">
          <reporter-output>
          </reporter-output>
        </test-method> <!-- setup -->
        <test-method status="PASS" signature="flightTest(java.util.HashMap)[pri:0, instance:org.rahulshettyacademy.DemoTest@490ab905]" name="flightTest" duration-ms="18246" started-at="2021-03-03T17:10:03 PST" data-provider="getData" finished-at="2021-03-03T17:10:21 PST">
          <params>
            <param index="0">
              <value>
                <![CDATA[{destination=HYD, destination2=DEL, origin=MAA}]]>
              </value>
            </param>
          </params>
          <reporter-output>
          </reporter-output>
        </test-method> <!-- flightTest -->
        <test-method status="PASS" signature="flightTest(java.util.HashMap)[pri:0, instance:org.rahulshettyacademy.DemoTest@490ab905]" name="flightTest" duration-ms="11175" started-at="2021-03-03T17:10:21 PST" data-provider="getData" finished-at="2021-03-03T17:10:32 PST">
          <params>
            <param index="0">
              <value>
                <![CDATA[{destination=HYD, destination2=MAA, origin=DEL}]]>
              </value>
            </param>
          </params>
          <reporter-output>
          </reporter-output>
        </test-method> <!-- flightTest -->
        <test-method status="PASS" signature="tearDown()[pri:0, instance:org.rahulshettyacademy.DemoTest@490ab905]" name="tearDown" is-config="true" duration-ms="1287" started-at="2021-03-03T17:10:32 PST" finished-at="2021-03-03T17:10:34 PST">
          <reporter-output>
          </reporter-output>
        </test-method> <!-- tearDown -->
      </class> <!-- org.rahulshettyacademy.DemoTest -->
    </test> <!-- Surefire test -->
  </suite> <!-- Surefire suite -->
</testng-results>
